[0;32m[INFO][0m Checking requirements...
[0;32m[INFO][0m All requirements satisfied
[0;32m[INFO][0m Deploying to DEVELOPMENT environment...
[0;32m[INFO][0m Building and starting services...
time="2025-11-18T17:46:53+08:00" level=warning msg="/home/cutie/Agent-Helper/web_full_stack/docker-compose.yml: `version` is obsolete"
#0 building with "default" instance using docker driver

#1 [backend internal] load build definition from Dockerfile
#1 transferring dockerfile: 910B done
#1 WARN: FromAsCasing: 'as' and 'FROM' keywords' casing do not match (line 1)
#1 DONE 0.1s

#2 [backend internal] load metadata for docker.io/library/python:3.10-slim
#2 DONE 2.5s

#3 [backend internal] load .dockerignore
#3 transferring context: 2B done
#3 DONE 0.0s

#4 [backend builder 1/5] FROM docker.io/library/python:3.10-slim@sha256:80092a29cf57f315268ed41a1fa713313bd18b3bcf6fdbf039f04de96596da51
#4 DONE 0.0s

#5 [backend internal] load build context
#5 transferring context: 36.48kB 0.0s done
#5 DONE 0.0s

#6 [backend builder 4/5] COPY requirements.txt requirements.txt
#6 CACHED

#7 [backend builder 2/5] WORKDIR /app
#7 CACHED

#8 [backend stage-1 5/7] COPY app ./app
#8 CACHED

#9 [backend stage-1 4/7] COPY --from=builder /root/.local /root/.local
#9 CACHED

#10 [backend builder 3/5] RUN apt-get update && apt-get install -y     gcc     default-libmysqlclient-dev     pkg-config     && rm -rf /var/lib/apt/lists/*
#10 CACHED

#11 [backend stage-1 3/7] RUN apt-get update && apt-get install -y     default-libmysqlclient-dev     wget     && rm -rf /var/lib/apt/lists/*
#11 CACHED

#12 [backend stage-1 6/7] COPY run.py .
#12 CACHED

#13 [backend builder 5/5] RUN pip install --no-cache-dir --user -r requirements.txt
#13 CACHED

#14 [backend stage-1 7/7] RUN useradd -m -u 1000 appuser && chown -R appuser:appuser /app
#14 CACHED

#15 [backend] exporting to image
#15 exporting layers done
#15 writing image sha256:e82c4ce2999b74ed4edea7843cf56e6920e041e8305592e0a08e4966a6b40866 done
#15 naming to docker.io/library/web_full_stack-backend done
#15 DONE 0.0s

#16 [frontend internal] load build definition from Dockerfile
#16 transferring dockerfile: 544B done
#16 WARN: FromAsCasing: 'as' and 'FROM' keywords' casing do not match (line 1)
#16 DONE 0.0s

#17 [frontend internal] load metadata for docker.io/library/node:16-alpine
#17 ...

#18 [frontend internal] load metadata for docker.io/library/nginx:alpine
#18 DONE 3.3s

#17 [frontend internal] load metadata for docker.io/library/node:16-alpine
#17 DONE 3.3s

#19 [frontend internal] load .dockerignore
#19 transferring context: 2B done
#19 DONE 0.0s

#20 [frontend internal] load build context
#20 DONE 0.0s

#21 [frontend builder 1/6] FROM docker.io/library/node:16-alpine@sha256:a1f9d027912b58a7c75be7716c97cfbc6d3099f3a97ed84aa490be9dee20e787
#21 resolve docker.io/library/node:16-alpine@sha256:a1f9d027912b58a7c75be7716c97cfbc6d3099f3a97ed84aa490be9dee20e787 0.1s done
#21 ...

#20 [frontend internal] load build context
#20 transferring context: 85.12kB 0.0s done
#20 DONE 0.0s

#21 [frontend builder 1/6] FROM docker.io/library/node:16-alpine@sha256:a1f9d027912b58a7c75be7716c97cfbc6d3099f3a97ed84aa490be9dee20e787
#21 sha256:a1f9d027912b58a7c75be7716c97cfbc6d3099f3a97ed84aa490be9dee20e787 1.43kB / 1.43kB done
#21 sha256:72e89a86be58c922ed7b1475e5e6f151537676470695dd106521738b060e139d 1.16kB / 1.16kB done
#21 sha256:2573171e0124bb95d14d128728a52a97bb917ef45d7c4fa8cfe76bc44aa78b73 6.73kB / 6.73kB done
#21 sha256:7264a8db6415046d36d16ba98b79778e18accee6ffa71850405994cffa9be7de 0B / 3.40MB 0.0s
#21 sha256:93b3025fe10392717d06ec0d012a9ffa2039d766a322aac899c6831dd93382c2 0B / 2.34MB 0.0s
#21 sha256:eee371b9ce3ffdbb8aa703b9a14d318801ddc3468f096bb6cfeabbeb715147f9 0B / 36.63MB 0.1s
#21 sha256:7264a8db6415046d36d16ba98b79778e18accee6ffa71850405994cffa9be7de 1.05MB / 3.40MB 1.5s
#21 sha256:7264a8db6415046d36d16ba98b79778e18accee6ffa71850405994cffa9be7de 2.10MB / 3.40MB 1.7s
#21 sha256:7264a8db6415046d36d16ba98b79778e18accee6ffa71850405994cffa9be7de 3.40MB / 3.40MB 1.8s
#21 sha256:7264a8db6415046d36d16ba98b79778e18accee6ffa71850405994cffa9be7de 3.40MB / 3.40MB 1.9s done
#21 extracting sha256:7264a8db6415046d36d16ba98b79778e18accee6ffa71850405994cffa9be7de 0.1s
#21 sha256:d9059661ce70092af66d2773666584fc8addcb78a2be63f720022f4875577ea9 0B / 452B 1.9s
#21 extracting sha256:7264a8db6415046d36d16ba98b79778e18accee6ffa71850405994cffa9be7de 0.2s done
#21 sha256:d9059661ce70092af66d2773666584fc8addcb78a2be63f720022f4875577ea9 452B / 452B 2.5s done
#21 sha256:93b3025fe10392717d06ec0d012a9ffa2039d766a322aac899c6831dd93382c2 1.05MB / 2.34MB 2.9s
#21 sha256:93b3025fe10392717d06ec0d012a9ffa2039d766a322aac899c6831dd93382c2 2.34MB / 2.34MB 3.2s done
#21 sha256:eee371b9ce3ffdbb8aa703b9a14d318801ddc3468f096bb6cfeabbeb715147f9 2.10MB / 36.63MB 3.3s
#21 sha256:eee371b9ce3ffdbb8aa703b9a14d318801ddc3468f096bb6cfeabbeb715147f9 4.19MB / 36.63MB 3.6s
#21 sha256:eee371b9ce3ffdbb8aa703b9a14d318801ddc3468f096bb6cfeabbeb715147f9 7.34MB / 36.63MB 3.8s
#21 sha256:eee371b9ce3ffdbb8aa703b9a14d318801ddc3468f096bb6cfeabbeb715147f9 10.49MB / 36.63MB 4.0s
#21 sha256:eee371b9ce3ffdbb8aa703b9a14d318801ddc3468f096bb6cfeabbeb715147f9 12.58MB / 36.63MB 4.2s
#21 sha256:eee371b9ce3ffdbb8aa703b9a14d318801ddc3468f096bb6cfeabbeb715147f9 14.68MB / 36.63MB 4.3s
#21 sha256:eee371b9ce3ffdbb8aa703b9a14d318801ddc3468f096bb6cfeabbeb715147f9 17.83MB / 36.63MB 4.5s
#21 sha256:eee371b9ce3ffdbb8aa703b9a14d318801ddc3468f096bb6cfeabbeb715147f9 19.92MB / 36.63MB 4.6s
#21 sha256:eee371b9ce3ffdbb8aa703b9a14d318801ddc3468f096bb6cfeabbeb715147f9 23.07MB / 36.63MB 4.8s
#21 sha256:eee371b9ce3ffdbb8aa703b9a14d318801ddc3468f096bb6cfeabbeb715147f9 25.17MB / 36.63MB 4.9s
#21 sha256:eee371b9ce3ffdbb8aa703b9a14d318801ddc3468f096bb6cfeabbeb715147f9 29.36MB / 36.63MB 5.1s
#21 sha256:eee371b9ce3ffdbb8aa703b9a14d318801ddc3468f096bb6cfeabbeb715147f9 31.46MB / 36.63MB 5.2s
#21 sha256:eee371b9ce3ffdbb8aa703b9a14d318801ddc3468f096bb6cfeabbeb715147f9 35.65MB / 36.63MB 5.4s
#21 sha256:eee371b9ce3ffdbb8aa703b9a14d318801ddc3468f096bb6cfeabbeb715147f9 36.63MB / 36.63MB 5.6s done
#21 extracting sha256:eee371b9ce3ffdbb8aa703b9a14d318801ddc3468f096bb6cfeabbeb715147f9
#21 extracting sha256:eee371b9ce3ffdbb8aa703b9a14d318801ddc3468f096bb6cfeabbeb715147f9 3.2s done
#21 extracting sha256:93b3025fe10392717d06ec0d012a9ffa2039d766a322aac899c6831dd93382c2 0.1s
#21 extracting sha256:93b3025fe10392717d06ec0d012a9ffa2039d766a322aac899c6831dd93382c2 0.1s done
#21 extracting sha256:d9059661ce70092af66d2773666584fc8addcb78a2be63f720022f4875577ea9 done
#21 DONE 9.6s

#22 [frontend stage-1 1/3] FROM docker.io/library/nginx:alpine@sha256:b3c656d55d7ad751196f21b7fd2e8d4da9cb430e32f646adcf92441b72f82b14
#22 resolve docker.io/library/nginx:alpine@sha256:b3c656d55d7ad751196f21b7fd2e8d4da9cb430e32f646adcf92441b72f82b14 0.1s done
#22 sha256:b3c656d55d7ad751196f21b7fd2e8d4da9cb430e32f646adcf92441b72f82b14 10.33kB / 10.33kB done
#22 sha256:667473807103639a0aca5b49534a216d2b64f0fb868aaa801f023da0cdd781c7 2.50kB / 2.50kB done
#22 sha256:d4918ca78576a537caa7b0c043051c8efc1796de33fee8724ee0fff4a1cabed9 10.96kB / 10.96kB done
#22 sha256:2d35ebdb57d9971fea0cac1582aa78935adf8058b2cc32db163c98822e5dfa1b 3.80MB / 3.80MB 6.4s done
#22 sha256:8f6a6833e95d43ac524f1f9c5e7c1316c1f3b8e7ae5ba3db4e54b0c5b910e80a 1.84MB / 1.84MB 6.1s done
#22 sha256:194fa24e147df0010e146240d3b4bd25d04180c523dc717e4645b269991483e3 628B / 628B 6.3s done
#22 sha256:3eaba6cd10a374d9ed629c26d76a5258e20ddfa09fcef511c98aa620dcf3fae4 955B / 955B 6.6s done
#22 sha256:df413d6ebdc834bccf63178455d406c4d25e2c2d38d2c1ab79ee5494b18e5624 403B / 403B 6.8s done
#22 extracting sha256:2d35ebdb57d9971fea0cac1582aa78935adf8058b2cc32db163c98822e5dfa1b 0.2s done
#22 sha256:d9a55dab5954588333096b28b351999099bea5eb3c68c10e99f175b12c97198d 1.21kB / 1.21kB 7.1s done
#22 sha256:ff8a36d5502a57c3fc8eeff48e578ab433a03b1dd528992ba0d966ddf853309a 1.40kB / 1.40kB 7.4s done
#22 extracting sha256:8f6a6833e95d43ac524f1f9c5e7c1316c1f3b8e7ae5ba3db4e54b0c5b910e80a 0.1s done
#22 sha256:bdabb0d442710d667f4fd871b5fd215cc2a430a95b192bc508bf945b8e60999b 16.97MB / 16.97MB 8.9s done
#22 extracting sha256:194fa24e147df0010e146240d3b4bd25d04180c523dc717e4645b269991483e3 done
#22 extracting sha256:3eaba6cd10a374d9ed629c26d76a5258e20ddfa09fcef511c98aa620dcf3fae4 done
#22 extracting sha256:df413d6ebdc834bccf63178455d406c4d25e2c2d38d2c1ab79ee5494b18e5624 done
#22 extracting sha256:d9a55dab5954588333096b28b351999099bea5eb3c68c10e99f175b12c97198d done
#22 extracting sha256:ff8a36d5502a57c3fc8eeff48e578ab433a03b1dd528992ba0d966ddf853309a done
#22 extracting sha256:bdabb0d442710d667f4fd871b5fd215cc2a430a95b192bc508bf945b8e60999b 0.7s done
#22 ...

#23 [frontend builder 2/6] WORKDIR /app
#23 DONE 0.4s

#24 [frontend builder 3/6] COPY package*.json ./
#24 DONE 0.2s

#22 [frontend stage-1 1/3] FROM docker.io/library/nginx:alpine@sha256:b3c656d55d7ad751196f21b7fd2e8d4da9cb430e32f646adcf92441b72f82b14
#22 ...

#25 [frontend builder 4/6] RUN npm ci
#25 ...

#22 [frontend stage-1 1/3] FROM docker.io/library/nginx:alpine@sha256:b3c656d55d7ad751196f21b7fd2e8d4da9cb430e32f646adcf92441b72f82b14
#22 DONE 10.6s

#26 [frontend stage-1 2/3] COPY nginx.conf /etc/nginx/conf.d/default.conf
#26 DONE 0.1s

#25 [frontend builder 4/6] RUN npm ci
#25 1.020 npm ERR! code EUSAGE
#25 1.025 npm ERR! 
#25 1.026 npm ERR! The `npm ci` command can only install with an existing package-lock.json or
#25 1.026 npm ERR! npm-shrinkwrap.json with lockfileVersion >= 1. Run an install with npm@5 or
#25 1.026 npm ERR! later to generate a package-lock.json file, then try again.
#25 1.026 npm ERR! 
#25 1.026 npm ERR! Clean install a project
#25 1.026 npm ERR! 
#25 1.027 npm ERR! Usage:
#25 1.027 npm ERR! npm ci
#25 1.027 npm ERR! 
#25 1.027 npm ERR! Options:
#25 1.027 npm ERR! [-S|--save|--no-save|--save-prod|--save-dev|--save-optional|--save-peer|--save-bundle]
#25 1.027 npm ERR! [-E|--save-exact] [-g|--global] [--global-style] [--legacy-bundling]
#25 1.027 npm ERR! [--omit <dev|optional|peer> [--omit <dev|optional|peer> ...]]
#25 1.027 npm ERR! [--strict-peer-deps] [--no-package-lock] [--foreground-scripts]
#25 1.027 npm ERR! [--ignore-scripts] [--no-audit] [--no-bin-links] [--no-fund] [--dry-run]
#25 1.027 npm ERR! [-w|--workspace <workspace-name> [-w|--workspace <workspace-name> ...]]
#25 1.028 npm ERR! [-ws|--workspaces] [--include-workspace-root] [--install-links]
#25 1.028 npm ERR! 
#25 1.028 npm ERR! aliases: clean-install, ic, install-clean, isntall-clean
#25 1.028 npm ERR! 
#25 1.028 npm ERR! Run "npm help ci" for more info
#25 1.031 
#25 1.032 npm ERR! A complete log of this run can be found in:
#25 1.032 npm ERR!     /root/.npm/_logs/2025-11-18T09_47_11_597Z-debug-0.log
#25 ERROR: process "/bin/sh -c npm ci" did not complete successfully: exit code: 1
------
 > [frontend builder 4/6] RUN npm ci:
1.027 npm ERR! [--ignore-scripts] [--no-audit] [--no-bin-links] [--no-fund] [--dry-run]
1.027 npm ERR! [-w|--workspace <workspace-name> [-w|--workspace <workspace-name> ...]]
1.028 npm ERR! [-ws|--workspaces] [--include-workspace-root] [--install-links]
1.028 npm ERR! 
1.028 npm ERR! aliases: clean-install, ic, install-clean, isntall-clean
1.028 npm ERR! 
1.028 npm ERR! Run "npm help ci" for more info
1.031 
1.032 npm ERR! A complete log of this run can be found in:
1.032 npm ERR!     /root/.npm/_logs/2025-11-18T09_47_11_597Z-debug-0.log
------
failed to solve: process "/bin/sh -c npm ci" did not complete successfully: exit code: 1
